
  .   ____          _            __ _ _
 /\\ / ___'_ __ _ _(_)_ __  __ _ \ \ \ \
( ( )\___ | '_ | '_| | '_ \/ _` | \ \ \ \
 \\/  ___)| |_)| | | | | || (_| |  ) ) ) )
  '  |____| .__|_| |_|_| |_\__, | / / / /
 =========|_|==============|___/=/_/_/_/

 :: Spring Boot ::                (v3.4.5)

2025-05-16T17:24:58.353+09:00  INFO 26818 --- [member-service] [           main] c.g.m.MemberServiceApplication           : Starting MemberServiceApplication v0.0.1-SNAPSHOT using Java 17.0.15 with PID 26818 (/Users/master/Documents/project/GoormPlay/member-service/build/libs/member-service-0.0.1-SNAPSHOT.jar started by master in /Users/master/Documents/project/GoormPlay)
2025-05-16T17:24:58.355+09:00  INFO 26818 --- [member-service] [           main] c.g.m.MemberServiceApplication           : No active profile set, falling back to 1 default profile: "default"
2025-05-16T17:24:58.772+09:00  INFO 26818 --- [member-service] [           main] .s.d.r.c.RepositoryConfigurationDelegate : Multiple Spring Data modules found, entering strict repository configuration mode
2025-05-16T17:24:58.772+09:00  INFO 26818 --- [member-service] [           main] .s.d.r.c.RepositoryConfigurationDelegate : Bootstrapping Spring Data JPA repositories in DEFAULT mode.
2025-05-16T17:24:58.848+09:00  INFO 26818 --- [member-service] [           main] .s.d.r.c.RepositoryConfigurationDelegate : Finished Spring Data repository scanning in 71 ms. Found 1 JPA repository interface.
2025-05-16T17:24:58.856+09:00  INFO 26818 --- [member-service] [           main] .s.d.r.c.RepositoryConfigurationDelegate : Multiple Spring Data modules found, entering strict repository configuration mode
2025-05-16T17:24:58.857+09:00  INFO 26818 --- [member-service] [           main] .s.d.r.c.RepositoryConfigurationDelegate : Bootstrapping Spring Data Redis repositories in DEFAULT mode.
2025-05-16T17:24:58.862+09:00  INFO 26818 --- [member-service] [           main] .RepositoryConfigurationExtensionSupport : Spring Data Redis - Could not safely identify store assignment for repository candidate interface com.goormplay.memberservice.member.repository.MemberRepository; If you want this repository to be a Redis repository, consider annotating your entities with one of these annotations: org.springframework.data.redis.core.RedisHash (preferred), or consider extending one of the following types with your repository: org.springframework.data.keyvalue.repository.KeyValueRepository
2025-05-16T17:24:58.862+09:00  INFO 26818 --- [member-service] [           main] .s.d.r.c.RepositoryConfigurationDelegate : Finished Spring Data repository scanning in 1 ms. Found 0 Redis repository interfaces.
2025-05-16T17:24:59.002+09:00  INFO 26818 --- [member-service] [           main] o.s.cloud.context.scope.GenericScope     : BeanFactory id=201e110d-141a-3301-bbee-ef7bb2da03b5
2025-05-16T17:24:59.197+09:00  INFO 26818 --- [member-service] [           main] o.s.b.w.embedded.tomcat.TomcatWebServer  : Tomcat initialized with port 9001 (http)
2025-05-16T17:24:59.204+09:00  INFO 26818 --- [member-service] [           main] o.apache.catalina.core.StandardService   : Starting service [Tomcat]
2025-05-16T17:24:59.205+09:00  INFO 26818 --- [member-service] [           main] o.apache.catalina.core.StandardEngine    : Starting Servlet engine: [Apache Tomcat/10.1.40]
2025-05-16T17:24:59.220+09:00  INFO 26818 --- [member-service] [           main] o.a.c.c.C.[Tomcat].[localhost].[/]       : Initializing Spring embedded WebApplicationContext
2025-05-16T17:24:59.220+09:00  INFO 26818 --- [member-service] [           main] w.s.c.ServletWebServerApplicationContext : Root WebApplicationContext: initialization completed in 847 ms
2025-05-16T17:24:59.296+09:00  INFO 26818 --- [member-service] [           main] com.zaxxer.hikari.HikariDataSource       : HikariPool-1 - Starting...
2025-05-16T17:24:59.450+09:00  INFO 26818 --- [member-service] [           main] com.zaxxer.hikari.pool.HikariPool        : HikariPool-1 - Added connection com.mysql.cj.jdbc.ConnectionImpl@1752e45c
2025-05-16T17:24:59.451+09:00  INFO 26818 --- [member-service] [           main] com.zaxxer.hikari.HikariDataSource       : HikariPool-1 - Start completed.
2025-05-16T17:24:59.470+09:00  INFO 26818 --- [member-service] [           main] o.hibernate.jpa.internal.util.LogHelper  : HHH000204: Processing PersistenceUnitInfo [name: default]
2025-05-16T17:24:59.500+09:00  INFO 26818 --- [member-service] [           main] org.hibernate.Version                    : HHH000412: Hibernate ORM core version 6.6.13.Final
2025-05-16T17:24:59.516+09:00  INFO 26818 --- [member-service] [           main] o.h.c.internal.RegionFactoryInitiator    : HHH000026: Second-level cache disabled
2025-05-16T17:24:59.653+09:00  INFO 26818 --- [member-service] [           main] o.s.o.j.p.SpringPersistenceUnitInfo      : No LoadTimeWeaver setup: ignoring JPA class transformer
2025-05-16T17:24:59.694+09:00  WARN 26818 --- [member-service] [           main] org.hibernate.orm.deprecation            : HHH90000025: MySQLDialect does not need to be specified explicitly using 'hibernate.dialect' (remove the property setting and it will be selected by default)
2025-05-16T17:24:59.699+09:00  INFO 26818 --- [member-service] [           main] org.hibernate.orm.connections.pooling    : HHH10001005: Database info:
	Database JDBC URL [Connecting through datasource 'HikariDataSource (HikariPool-1)']
	Database driver: undefined/unknown
	Database version: 9.3
	Autocommit mode: undefined/unknown
	Isolation level: undefined/unknown
	Minimum pool size: undefined/unknown
	Maximum pool size: undefined/unknown
2025-05-16T17:25:00.046+09:00  INFO 26818 --- [member-service] [           main] o.h.e.t.j.p.i.JtaPlatformInitiator       : HHH000489: No JTA platform available (set 'hibernate.transaction.jta.platform' to enable JTA platform integration)
2025-05-16T17:25:00.048+09:00  INFO 26818 --- [member-service] [           main] j.LocalContainerEntityManagerFactoryBean : Initialized JPA EntityManagerFactory for persistence unit 'default'
2025-05-16T17:25:00.243+09:00  WARN 26818 --- [member-service] [           main] JpaBaseConfiguration$JpaWebConfiguration : spring.jpa.open-in-view is enabled by default. Therefore, database queries may be performed during view rendering. Explicitly configure spring.jpa.open-in-view to disable this warning
2025-05-16T17:25:00.289+09:00  INFO 26818 --- [member-service] [           main] o.s.c.openfeign.FeignClientFactoryBean   : For 'subscribe-service' URL not provided. Will try picking an instance via load-balancing.
2025-05-16T17:25:00.344+09:00  WARN 26818 --- [member-service] [           main] .s.s.UserDetailsServiceAutoConfiguration : 

Using generated security password: 58228839-eaf1-48f9-a7a9-24ec2388e7a1

This generated password is for development use only. Your security configuration must be updated before running your application in production.

2025-05-16T17:25:00.351+09:00  INFO 26818 --- [member-service] [           main] r$InitializeUserDetailsManagerConfigurer : Global AuthenticationManager configured with UserDetailsService bean with name inMemoryUserDetailsManager
2025-05-16T17:25:00.754+09:00  INFO 26818 --- [member-service] [           main] DiscoveryClientOptionalArgsConfiguration : Eureka HTTP Client uses RestTemplate.
2025-05-16T17:25:00.769+09:00  WARN 26818 --- [member-service] [           main] iguration$LoadBalancerCaffeineWarnLogger : Spring Cloud LoadBalancer is currently working with the default cache. While this cache implementation is useful for development and tests, it's recommended to use Caffeine cache in production.You can switch to using Caffeine cache, by adding it and org.springframework.cache.caffeine.CaffeineCacheManager to the classpath.
2025-05-16T17:25:00.781+09:00  INFO 26818 --- [member-service] [           main] o.s.c.n.eureka.InstanceInfoFactory       : Setting initial instance status as: STARTING
2025-05-16T17:25:00.791+09:00  INFO 26818 --- [member-service] [           main] com.netflix.discovery.DiscoveryClient    : Initializing Eureka in region us-east-1
2025-05-16T17:25:00.795+09:00  INFO 26818 --- [member-service] [           main] c.n.d.s.r.aws.ConfigClusterResolver      : Resolving eureka endpoints via configuration
2025-05-16T17:25:00.799+09:00  INFO 26818 --- [member-service] [           main] com.netflix.discovery.DiscoveryClient    : Disable delta property : false
2025-05-16T17:25:00.799+09:00  INFO 26818 --- [member-service] [           main] com.netflix.discovery.DiscoveryClient    : Single vip registry refresh property : null
2025-05-16T17:25:00.799+09:00  INFO 26818 --- [member-service] [           main] com.netflix.discovery.DiscoveryClient    : Force full registry fetch : false
2025-05-16T17:25:00.799+09:00  INFO 26818 --- [member-service] [           main] com.netflix.discovery.DiscoveryClient    : Application is null : false
2025-05-16T17:25:00.799+09:00  INFO 26818 --- [member-service] [           main] com.netflix.discovery.DiscoveryClient    : Registered Applications size is zero : true
2025-05-16T17:25:00.799+09:00  INFO 26818 --- [member-service] [           main] com.netflix.discovery.DiscoveryClient    : Application version is -1: true
2025-05-16T17:25:00.799+09:00  INFO 26818 --- [member-service] [           main] com.netflix.discovery.DiscoveryClient    : Getting all instance registry info from the eureka server
2025-05-16T17:25:01.039+09:00  INFO 26818 --- [member-service] [           main] com.netflix.discovery.DiscoveryClient    : The response status is 200
2025-05-16T17:25:01.039+09:00  INFO 26818 --- [member-service] [           main] com.netflix.discovery.DiscoveryClient    : Starting heartbeat executor: renew interval is: 30
2025-05-16T17:25:01.040+09:00  INFO 26818 --- [member-service] [           main] c.n.discovery.InstanceInfoReplicator     : InstanceInfoReplicator onDemand update allowed rate per min is 4
2025-05-16T17:25:01.040+09:00  INFO 26818 --- [member-service] [           main] com.netflix.discovery.DiscoveryClient    : Discovery Client initialized at timestamp 1747383901040 with initial instances count: 3
2025-05-16T17:25:01.042+09:00  INFO 26818 --- [member-service] [           main] o.s.c.n.e.s.EurekaServiceRegistry        : Registering application MEMBER-SERVICE with eureka with status UP
2025-05-16T17:25:01.042+09:00  INFO 26818 --- [member-service] [           main] com.netflix.discovery.DiscoveryClient    : Saw local status change event StatusChangeEvent [timestamp=1747383901042, current=UP, previous=STARTING]
2025-05-16T17:25:01.043+09:00  INFO 26818 --- [member-service] [foReplicator-%d] com.netflix.discovery.DiscoveryClient    : DiscoveryClient_MEMBER-SERVICE/172.16.24.93:member-service:9001: registering service...
2025-05-16T17:25:01.053+09:00  INFO 26818 --- [member-service] [           main] o.s.b.w.embedded.tomcat.TomcatWebServer  : Tomcat started on port 9001 (http) with context path '/'
2025-05-16T17:25:01.054+09:00  INFO 26818 --- [member-service] [           main] .s.c.n.e.s.EurekaAutoServiceRegistration : Updating port to 9001
2025-05-16T17:25:01.069+09:00  INFO 26818 --- [member-service] [           main] c.g.m.MemberServiceApplication           : Started MemberServiceApplication in 2.962 seconds (process running for 3.216)
2025-05-16T17:25:01.132+09:00  INFO 26818 --- [member-service] [foReplicator-%d] com.netflix.discovery.DiscoveryClient    : DiscoveryClient_MEMBER-SERVICE/172.16.24.93:member-service:9001 - registration status: 204
2025-05-16T17:30:00.804+09:00  INFO 26818 --- [member-service] [rap-executor-%d] c.n.d.s.r.aws.ConfigClusterResolver      : Resolving eureka endpoints via configuration
